<?xml version="1.0" encoding="UTF-8"?>
<!-- Generated by org.testng.reporters.JUnitXMLReporter -->
<testsuite ignored="0" hostname="DESKTOP-M3S1386" failures="1" tests="1" name="LowPTest" time="4.546" errors="0" timestamp="2023-03-08T15:24:38 IST">
  <testcase classname="projectFolder.TC03_Addbagproduct" name="addbagproduct" time="4.524">
    <failure type="java.lang.AssertionError" message="expected [3] but found [1]">
      <![CDATA[java.lang.AssertionError: expected [3] but found [1]
at projectFolder.TC03_Addbagproduct.addbagproduct(TC03_Addbagproduct.java:61)
at java.base/java.util.ArrayList.forEach(ArrayList.java:1511)
... Removed 33 stack frames]]>
    </failure>
  </testcase> <!-- addbagproduct -->
</testsuite> <!-- LowPTest -->
